[2021-12-11T09:17:36.476] [INFO] info - info信息
[2021-12-11T09:20:39.752] [INFO] info - info信息
[2021-12-11T09:26:18.000] [INFO] info - info信息
[2021-12-11T09:59:31.532] [INFO] info - ***数据库连接成功***
[2021-12-11T09:59:35.416] [INFO] info - info信息
[2021-12-11T10:00:13.016] [INFO] info - ***数据库连接成功***
[2021-12-11T10:06:38.563] [INFO] info - ***数据库连接成功***
[2021-12-11T10:12:46.228] [INFO] info - ***数据库连接成功***
[2021-12-11T10:31:06.019] [INFO] info - ***数据库连接成功***
[2021-12-11T10:32:14.737] [INFO] info - ***数据库连接成功***
[2021-12-11T10:37:21.870] [INFO] info - ***数据库连接成功***
[2021-12-11T10:38:09.470] [INFO] info - ***数据库连接成功***
[2021-12-11T10:45:21.497] [INFO] info - ***数据库连接成功***
[2021-12-11T10:56:05.961] [INFO] info - ***数据库连接成功***
[2021-12-11T10:57:55.070] [INFO] info - ***数据库连接成功***
[2021-12-11T10:58:59.146] [INFO] info - ***数据库连接成功***
[2021-12-11T11:01:02.565] [INFO] info - ***数据库连接成功***
[2021-12-11T11:01:08.022] [INFO] info - ***数据库连接成功***
[2021-12-11T11:01:59.639] [INFO] info - ***数据库连接成功***
[2021-12-11T11:02:16.599] [INFO] info - ***数据库连接成功***
[2021-12-11T11:02:38.737] [INFO] info - ***数据库连接成功***
[2021-12-11T11:04:29.757] [INFO] info - ***数据库连接成功***
[2021-12-11T11:05:57.734] [INFO] info - ***数据库连接成功***
[2021-12-11T11:07:44.580] [INFO] info - ***数据库连接成功***
[2021-12-11T11:07:58.827] [INFO] info - ***数据库连接成功***
[2021-12-11T11:12:51.570] [INFO] info - ***数据库连接成功***
[2021-12-11T11:12:53.421] [INFO] info - ***数据库连接成功***
[2021-12-11T11:18:46.382] [INFO] info - ***数据库连接成功***
[2021-12-11T11:19:52.499] [INFO] info - ***数据库连接成功***
[2021-12-11T11:20:18.414] [INFO] info - ***数据库连接成功***
[2021-12-11T11:20:27.051] [INFO] info - ***数据库连接成功***
[2021-12-11T16:35:34.111] [INFO] info - ***数据库连接成功***
[2021-12-11T16:39:38.838] [INFO] info - ***数据库连接成功***
[2021-12-11T16:39:54.374] [INFO] info - ***数据库连接成功***
[2021-12-11T16:46:38.526] [INFO] info - ***数据库连接成功***
[2021-12-11T16:47:48.258] [INFO] info - ***数据库连接成功***
[2021-12-11T16:49:16.722] [INFO] info - ***数据库连接成功***
[2021-12-11T16:49:23.656] [INFO] info - ***数据库连接成功***
[2021-12-11T16:50:45.375] [INFO] info - ***数据库连接成功***
[2021-12-11T17:01:53.596] [INFO] info - ***数据库连接成功***
[2021-12-11T17:07:45.807] [INFO] info - ***数据库连接成功***
[2021-12-11T17:08:54.912] [INFO] info - ***数据库连接成功***
[2021-12-11T17:09:33.140] [INFO] info - ***数据库连接成功***
[2021-12-11T17:09:39.569] [INFO] info - params: {} 
[2021-12-11T17:10:17.246] [INFO] info - ***数据库连接成功***
[2021-12-11T17:10:19.063] [INFO] info - params: {"request":{"method":"POST","url":"/api/users/login","header":{"accept-language":"zh-CN,zh;q=0.9","accept-encoding":"gzip, deflate, br","referer":"http://localhost:8080/","sec-fetch-dest":"empty","sec-fetch-mode":"cors","sec-fetch-site":"same-origin","origin":"http://localhost:8080","sec-ch-ua-platform":"\"Windows\"","user-agent":"Mozilla/5.0 (Windows NT 10.0; Win64; x64) AppleWebKit/537.36 (KHTML, like Gecko) Chrome/96.0.4664.93 Safari/537.36","sec-ch-ua-mobile":"?0","authorization":"Bear Booker","content-type":"application/json","accept":"application/json, text/plain, */*","sec-ch-ua":"\" Not A;Brand\";v=\"99\", \"Chromium\";v=\"96\", \"Google Chrome\";v=\"96\"","content-length":"43","connection":"close","host":"localhost:8080"}},"response":{"status":404,"message":"Not Found","header":{}},"app":{"subdomainOffset":2,"proxy":false,"env":"development"},"originalUrl":"/api/users/login","req":"<original node req>","res":"<original node res>","socket":"<original node socket>"} 
[2021-12-11T17:11:31.662] [INFO] info - ***数据库连接成功***
[2021-12-11T17:11:34.151] [INFO] info - params: {"request":{"method":"POST","url":"/api/users/login","header":{"accept-language":"zh-CN,zh;q=0.9","accept-encoding":"gzip, deflate, br","referer":"http://localhost:8080/","sec-fetch-dest":"empty","sec-fetch-mode":"cors","sec-fetch-site":"same-origin","origin":"http://localhost:8080","sec-ch-ua-platform":"\"Windows\"","user-agent":"Mozilla/5.0 (Windows NT 10.0; Win64; x64) AppleWebKit/537.36 (KHTML, like Gecko) Chrome/96.0.4664.93 Safari/537.36","sec-ch-ua-mobile":"?0","authorization":"Bear Booker","content-type":"application/json","accept":"application/json, text/plain, */*","sec-ch-ua":"\" Not A;Brand\";v=\"99\", \"Chromium\";v=\"96\", \"Google Chrome\";v=\"96\"","content-length":"43","connection":"close","host":"localhost:8080"}},"response":{"status":404,"message":"Not Found","header":{}},"app":{"subdomainOffset":2,"proxy":false,"env":"development"},"originalUrl":"/api/users/login","req":"<original node req>","res":"<original node res>","socket":"<original node socket>"} 
[2021-12-11T17:12:37.268] [INFO] info - ***数据库连接成功***
[2021-12-11T17:12:39.350] [INFO] info - params: {"userName":"111","userPwd":"111111111111"} 
[2021-12-11T17:13:26.189] [INFO] info - ***数据库连接成功***
[2021-12-11T17:13:27.803] [INFO] info - body: {"userName":"111","userPwd":"111111111111"} 
[2021-12-11T17:13:27.803] [INFO] info - params: undefined 
[2021-12-11T17:14:03.548] [INFO] info - body: {"userName":"booker","userPwd":"12345678"} 
[2021-12-11T17:14:03.549] [INFO] info - params: undefined 
